ARM GAS  C:\Users\vs464\AppData\Local\Temp\ccWblFsc.s 			page 1


   1              		.cpu cortex-m0
   2              		.arch armv6s-m
   3              		.fpu softvfp
   4              		.eabi_attribute 20, 1
   5              		.eabi_attribute 21, 1
   6              		.eabi_attribute 23, 3
   7              		.eabi_attribute 24, 1
   8              		.eabi_attribute 25, 1
   9              		.eabi_attribute 26, 1
  10              		.eabi_attribute 30, 1
  11              		.eabi_attribute 34, 0
  12              		.eabi_attribute 18, 4
  13              		.file	"gpio.c"
  14              		.text
  15              	.Ltext0:
  16              		.cfi_sections	.debug_frame
  17              		.file 1 "Core/Src/gpio.c"
  18              		.section	.text.MX_GPIO_Init,"ax",%progbits
  19              		.align	1
  20              		.global	MX_GPIO_Init
  21              		.syntax unified
  22              		.code	16
  23              		.thumb_func
  25              	MX_GPIO_Init:
  26              	.LFB40:
   1:Core/Src/gpio.c **** /* USER CODE BEGIN Header */
   2:Core/Src/gpio.c **** /**
   3:Core/Src/gpio.c ****   ******************************************************************************
   4:Core/Src/gpio.c ****   * @file    gpio.c
   5:Core/Src/gpio.c ****   * @brief   This file provides code for the configuration
   6:Core/Src/gpio.c ****   *          of all used GPIO pins.
   7:Core/Src/gpio.c ****   ******************************************************************************
   8:Core/Src/gpio.c ****   * @attention
   9:Core/Src/gpio.c ****   *
  10:Core/Src/gpio.c ****   * Copyright (c) 2024 STMicroelectronics.
  11:Core/Src/gpio.c ****   * All rights reserved.
  12:Core/Src/gpio.c ****   *
  13:Core/Src/gpio.c ****   * This software is licensed under terms that can be found in the LICENSE file
  14:Core/Src/gpio.c ****   * in the root directory of this software component.
  15:Core/Src/gpio.c ****   * If no LICENSE file comes with this software, it is provided AS-IS.
  16:Core/Src/gpio.c ****   *
  17:Core/Src/gpio.c ****   ******************************************************************************
  18:Core/Src/gpio.c ****   */
  19:Core/Src/gpio.c **** /* USER CODE END Header */
  20:Core/Src/gpio.c **** 
  21:Core/Src/gpio.c **** /* Includes ------------------------------------------------------------------*/
  22:Core/Src/gpio.c **** #include "gpio.h"
  23:Core/Src/gpio.c **** 
  24:Core/Src/gpio.c **** /* USER CODE BEGIN 0 */
  25:Core/Src/gpio.c **** 
  26:Core/Src/gpio.c **** /* USER CODE END 0 */
  27:Core/Src/gpio.c **** 
  28:Core/Src/gpio.c **** /*----------------------------------------------------------------------------*/
  29:Core/Src/gpio.c **** /* Configure GPIO                                                             */
  30:Core/Src/gpio.c **** /*----------------------------------------------------------------------------*/
  31:Core/Src/gpio.c **** /* USER CODE BEGIN 1 */
  32:Core/Src/gpio.c **** 
ARM GAS  C:\Users\vs464\AppData\Local\Temp\ccWblFsc.s 			page 2


  33:Core/Src/gpio.c **** /* USER CODE END 1 */
  34:Core/Src/gpio.c **** 
  35:Core/Src/gpio.c **** /** Configure pins as
  36:Core/Src/gpio.c ****         * Analog
  37:Core/Src/gpio.c ****         * Input
  38:Core/Src/gpio.c ****         * Output
  39:Core/Src/gpio.c ****         * EVENT_OUT
  40:Core/Src/gpio.c ****         * EXTI
  41:Core/Src/gpio.c **** */
  42:Core/Src/gpio.c **** void MX_GPIO_Init(void)
  43:Core/Src/gpio.c **** {
  27              		.loc 1 43 1 view -0
  28              		.cfi_startproc
  29              		@ args = 0, pretend = 0, frame = 24
  30              		@ frame_needed = 0, uses_anonymous_args = 0
  31 0000 10B5     		push	{r4, lr}
  32              	.LCFI0:
  33              		.cfi_def_cfa_offset 8
  34              		.cfi_offset 4, -8
  35              		.cfi_offset 14, -4
  36 0002 86B0     		sub	sp, sp, #24
  37              	.LCFI1:
  38              		.cfi_def_cfa_offset 32
  44:Core/Src/gpio.c **** 
  45:Core/Src/gpio.c ****   GPIO_InitTypeDef GPIO_InitStruct = {0};
  39              		.loc 1 45 3 view .LVU1
  40              		.loc 1 45 20 is_stmt 0 view .LVU2
  41 0004 1422     		movs	r2, #20
  42 0006 0021     		movs	r1, #0
  43 0008 01A8     		add	r0, sp, #4
  44 000a FFF7FEFF 		bl	memset
  45              	.LVL0:
  46:Core/Src/gpio.c **** 
  47:Core/Src/gpio.c ****   /* GPIO Ports Clock Enable */
  48:Core/Src/gpio.c ****   __HAL_RCC_GPIOA_CLK_ENABLE();
  46              		.loc 1 48 3 is_stmt 1 view .LVU3
  47              	.LBB2:
  48              		.loc 1 48 3 view .LVU4
  49              		.loc 1 48 3 view .LVU5
  50 000e 0F4B     		ldr	r3, .L2
  51 0010 5A69     		ldr	r2, [r3, #20]
  52 0012 8021     		movs	r1, #128
  53 0014 8902     		lsls	r1, r1, #10
  54 0016 0A43     		orrs	r2, r1
  55 0018 5A61     		str	r2, [r3, #20]
  56              		.loc 1 48 3 view .LVU6
  57 001a 5B69     		ldr	r3, [r3, #20]
  58 001c 0B40     		ands	r3, r1
  59 001e 0093     		str	r3, [sp]
  60              		.loc 1 48 3 view .LVU7
  61 0020 009B     		ldr	r3, [sp]
  62              	.LBE2:
  63              		.loc 1 48 3 view .LVU8
  49:Core/Src/gpio.c **** 
  50:Core/Src/gpio.c ****   /*Configure GPIO pin Output Level */
  51:Core/Src/gpio.c ****   HAL_GPIO_WritePin(GPIOA, LED1_Pin|LED2_Pin, GPIO_PIN_RESET);
  64              		.loc 1 51 3 view .LVU9
ARM GAS  C:\Users\vs464\AppData\Local\Temp\ccWblFsc.s 			page 3


  65 0022 9024     		movs	r4, #144
  66 0024 E405     		lsls	r4, r4, #23
  67 0026 0022     		movs	r2, #0
  68 0028 C021     		movs	r1, #192
  69 002a 2000     		movs	r0, r4
  70 002c FFF7FEFF 		bl	HAL_GPIO_WritePin
  71              	.LVL1:
  52:Core/Src/gpio.c **** 
  53:Core/Src/gpio.c ****   /*Configure GPIO pins : PAPin PAPin */
  54:Core/Src/gpio.c ****   GPIO_InitStruct.Pin = LED1_Pin|LED2_Pin;
  72              		.loc 1 54 3 view .LVU10
  73              		.loc 1 54 23 is_stmt 0 view .LVU11
  74 0030 C023     		movs	r3, #192
  75 0032 0193     		str	r3, [sp, #4]
  55:Core/Src/gpio.c ****   GPIO_InitStruct.Mode = GPIO_MODE_OUTPUT_PP;
  76              		.loc 1 55 3 is_stmt 1 view .LVU12
  77              		.loc 1 55 24 is_stmt 0 view .LVU13
  78 0034 BF3B     		subs	r3, r3, #191
  79 0036 0293     		str	r3, [sp, #8]
  56:Core/Src/gpio.c ****   GPIO_InitStruct.Pull = GPIO_NOPULL;
  80              		.loc 1 56 3 is_stmt 1 view .LVU14
  81              		.loc 1 56 24 is_stmt 0 view .LVU15
  82 0038 0023     		movs	r3, #0
  83 003a 0393     		str	r3, [sp, #12]
  57:Core/Src/gpio.c ****   GPIO_InitStruct.Speed = GPIO_SPEED_FREQ_LOW;
  84              		.loc 1 57 3 is_stmt 1 view .LVU16
  85              		.loc 1 57 25 is_stmt 0 view .LVU17
  86 003c 0493     		str	r3, [sp, #16]
  58:Core/Src/gpio.c ****   HAL_GPIO_Init(GPIOA, &GPIO_InitStruct);
  87              		.loc 1 58 3 is_stmt 1 view .LVU18
  88 003e 01A9     		add	r1, sp, #4
  89 0040 2000     		movs	r0, r4
  90 0042 FFF7FEFF 		bl	HAL_GPIO_Init
  91              	.LVL2:
  59:Core/Src/gpio.c **** 
  60:Core/Src/gpio.c **** }
  92              		.loc 1 60 1 is_stmt 0 view .LVU19
  93 0046 06B0     		add	sp, sp, #24
  94              		@ sp needed
  95 0048 10BD     		pop	{r4, pc}
  96              	.L3:
  97 004a C046     		.align	2
  98              	.L2:
  99 004c 00100240 		.word	1073876992
 100              		.cfi_endproc
 101              	.LFE40:
 103              		.text
 104              	.Letext0:
 105              		.file 2 "D:/tools/arm-gnu-toolchain-13.3.rel1-mingw-w64-i686-arm-none-eabi/arm-none-eabi/include/m
 106              		.file 3 "D:/tools/arm-gnu-toolchain-13.3.rel1-mingw-w64-i686-arm-none-eabi/arm-none-eabi/include/s
 107              		.file 4 "Drivers/CMSIS/Device/ST/STM32F0xx/Include/stm32f031x6.h"
 108              		.file 5 "Drivers/STM32F0xx_HAL_Driver/Inc/stm32f0xx_hal_gpio.h"
 109              		.file 6 "<built-in>"
ARM GAS  C:\Users\vs464\AppData\Local\Temp\ccWblFsc.s 			page 4


DEFINED SYMBOLS
                            *ABS*:00000000 gpio.c
C:\Users\vs464\AppData\Local\Temp\ccWblFsc.s:19     .text.MX_GPIO_Init:00000000 $t
C:\Users\vs464\AppData\Local\Temp\ccWblFsc.s:25     .text.MX_GPIO_Init:00000000 MX_GPIO_Init
C:\Users\vs464\AppData\Local\Temp\ccWblFsc.s:99     .text.MX_GPIO_Init:0000004c $d

UNDEFINED SYMBOLS
memset
HAL_GPIO_WritePin
HAL_GPIO_Init
